  Main.cpp
D:\Study\College\2. Sophomore\Courses\Second Semester\CMPN102\Git Hub Repository\MarsExploration_DsAlgorithmS21\MarsExploration\CancelEvent.h(5,1): error C2504: 'Event': base class undefined
D:\Study\College\2. Sophomore\Courses\Second Semester\CMPN102\Git Hub Repository\MarsExploration_DsAlgorithmS21\MarsExploration\CancelEvent.h(13,53): error C2614: 'CancelEvent': illegal member initialization: 'Event' is not a base or member
D:\Study\College\2. Sophomore\Courses\Second Semester\CMPN102\Git Hub Repository\MarsExploration_DsAlgorithmS21\MarsExploration\PromoteEvent.h(5,1): error C2504: 'Event': base class undefined
D:\Study\College\2. Sophomore\Courses\Second Semester\CMPN102\Git Hub Repository\MarsExploration_DsAlgorithmS21\MarsExploration\PromoteEvent.h(13,55): error C2614: 'PromoteEvent': illegal member initialization: 'Event' is not a base or member
D:\Study\College\2. Sophomore\Courses\Second Semester\CMPN102\Git Hub Repository\MarsExploration_DsAlgorithmS21\MarsExploration\MarsStation.h(46,14): error C2065: 'Event': undeclared identifier
D:\Study\College\2. Sophomore\Courses\Second Semester\CMPN102\Git Hub Repository\MarsExploration_DsAlgorithmS21\MarsExploration\MarsStation.h(46,20): error C2059: syntax error: '>'
D:\Study\College\2. Sophomore\Courses\Second Semester\CMPN102\Git Hub Repository\MarsExploration_DsAlgorithmS21\MarsExploration\MarsStation.h(143,6): error C2065: 'FormulationEvent': undeclared identifier
D:\Study\College\2. Sophomore\Courses\Second Semester\CMPN102\Git Hub Repository\MarsExploration_DsAlgorithmS21\MarsExploration\MarsStation.h(143,24): error C2065: 'E1': undeclared identifier
D:\Study\College\2. Sophomore\Courses\Second Semester\CMPN102\Git Hub Repository\MarsExploration_DsAlgorithmS21\MarsExploration\MarsStation.h(143,33): error C2061: syntax error: identifier 'FormulationEvent'
D:\Study\College\2. Sophomore\Courses\Second Semester\CMPN102\Git Hub Repository\MarsExploration_DsAlgorithmS21\MarsExploration\MarsStation.h(144,22): error C2065: 'E1': undeclared identifier
D:\Study\College\2. Sophomore\Courses\Second Semester\CMPN102\Git Hub Repository\MarsExploration_DsAlgorithmS21\MarsExploration\FormulationEvent.h(53,33): error C2059: syntax error: '='
  MarsStation.h
D:\Study\College\2. Sophomore\Courses\Second Semester\CMPN102\Git Hub Repository\MarsExploration_DsAlgorithmS21\MarsExploration\FormulationEvent.h(8,1): error C2504: 'Event': base class undefined
D:\Study\College\2. Sophomore\Courses\Second Semester\CMPN102\Git Hub Repository\MarsExploration_DsAlgorithmS21\MarsExploration\FormulationEvent.h(18,26): error C2061: syntax error: identifier 'MarsStation'
D:\Study\College\2. Sophomore\Courses\Second Semester\CMPN102\Git Hub Repository\MarsExploration_DsAlgorithmS21\MarsExploration\FormulationEvent.h(31,5): error C2614: 'FormulationEvent': illegal member initialization: 'Event' is not a base or member
D:\Study\College\2. Sophomore\Courses\Second Semester\CMPN102\Git Hub Repository\MarsExploration_DsAlgorithmS21\MarsExploration\FormulationEvent.h(39,32): error C2065: 'MarsStation': undeclared identifier
D:\Study\College\2. Sophomore\Courses\Second Semester\CMPN102\Git Hub Repository\MarsExploration_DsAlgorithmS21\MarsExploration\FormulationEvent.h(39,45): error C2065: 'pS': undeclared identifier
D:\Study\College\2. Sophomore\Courses\Second Semester\CMPN102\Git Hub Repository\MarsExploration_DsAlgorithmS21\MarsExploration\FormulationEvent.h(39,47): error C2761: 'void FormulationEvent::Execute(void)': redeclaration of member is not allowed
D:\Study\College\2. Sophomore\Courses\Second Semester\CMPN102\Git Hub Repository\MarsExploration_DsAlgorithmS21\MarsExploration\FormulationEvent.h(39,49): error C2448: 'FormulationEvent::Execute': function-style initializer appears to be a function definition
D:\Study\College\2. Sophomore\Courses\Second Semester\CMPN102\Git Hub Repository\MarsExploration_DsAlgorithmS21\MarsExploration\CancelEvent.h(5,1): error C2504: 'Event': base class undefined
D:\Study\College\2. Sophomore\Courses\Second Semester\CMPN102\Git Hub Repository\MarsExploration_DsAlgorithmS21\MarsExploration\CancelEvent.h(13,53): error C2614: 'CancelEvent': illegal member initialization: 'Event' is not a base or member
D:\Study\College\2. Sophomore\Courses\Second Semester\CMPN102\Git Hub Repository\MarsExploration_DsAlgorithmS21\MarsExploration\PromoteEvent.h(5,1): error C2504: 'Event': base class undefined
D:\Study\College\2. Sophomore\Courses\Second Semester\CMPN102\Git Hub Repository\MarsExploration_DsAlgorithmS21\MarsExploration\PromoteEvent.h(13,55): error C2614: 'PromoteEvent': illegal member initialization: 'Event' is not a base or member
D:\Study\College\2. Sophomore\Courses\Second Semester\CMPN102\Git Hub Repository\MarsExploration_DsAlgorithmS21\MarsExploration\MarsStation.h(46,14): error C2065: 'Event': undeclared identifier
D:\Study\College\2. Sophomore\Courses\Second Semester\CMPN102\Git Hub Repository\MarsExploration_DsAlgorithmS21\MarsExploration\MarsStation.h(46,20): error C2059: syntax error: '>'
D:\Study\College\2. Sophomore\Courses\Second Semester\CMPN102\Git Hub Repository\MarsExploration_DsAlgorithmS21\MarsExploration\MarsStation.h(42,1): error C2011: 'MarsStation': 'class' type redefinition
D:\Study\College\2. Sophomore\Courses\Second Semester\CMPN102\Git Hub Repository\MarsExploration_DsAlgorithmS21\MarsExploration\MarsStation.h(41): message : see declaration of 'MarsStation'
D:\Study\College\2. Sophomore\Courses\Second Semester\CMPN102\Git Hub Repository\MarsExploration_DsAlgorithmS21\MarsExploration\MarsStation.h(93,21): error C2027: use of undefined type 'MarsStation'
D:\Study\College\2. Sophomore\Courses\Second Semester\CMPN102\Git Hub Repository\MarsExploration_DsAlgorithmS21\MarsExploration\MarsStation.h(41): message : see declaration of 'MarsStation'
D:\Study\College\2. Sophomore\Courses\Second Semester\CMPN102\Git Hub Repository\MarsExploration_DsAlgorithmS21\MarsExploration\MarsStation.h(94,1): error C4430: missing type specifier - int assumed. Note: C++ does not support default-int
D:\Study\College\2. Sophomore\Courses\Second Semester\CMPN102\Git Hub Repository\MarsExploration_DsAlgorithmS21\MarsExploration\MarsStation.h(95,1): warning C4508: '{ctor}': function should return a value; 'void' return type assumed
D:\Study\College\2. Sophomore\Courses\Second Semester\CMPN102\Git Hub Repository\MarsExploration_DsAlgorithmS21\MarsExploration\MarsStation.h(97,45): error C2027: use of undefined type 'MarsStation'
D:\Study\College\2. Sophomore\Courses\Second Semester\CMPN102\Git Hub Repository\MarsExploration_DsAlgorithmS21\MarsExploration\MarsStation.h(41): message : see declaration of 'MarsStation'
D:\Study\College\2. Sophomore\Courses\Second Semester\CMPN102\Git Hub Repository\MarsExploration_DsAlgorithmS21\MarsExploration\MarsStation.h(99,9): error C2065: 'WaitingEmergency': undeclared identifier
D:\Study\College\2. Sophomore\Courses\Second Semester\CMPN102\Git Hub Repository\MarsExploration_DsAlgorithmS21\MarsExploration\MarsStation.h(102,43): error C2027: use of undefined type 'MarsStation'
D:\Study\College\2. Sophomore\Courses\Second Semester\CMPN102\Git Hub Repository\MarsExploration_DsAlgorithmS21\MarsExploration\MarsStation.h(41): message : see declaration of 'MarsStation'
D:\Study\College\2. Sophomore\Courses\Second Semester\CMPN102\Git Hub Repository\MarsExploration_DsAlgorithmS21\MarsExploration\MarsStation.h(104,9): error C2065: 'WaitingPolar': undeclared identifier
D:\Study\College\2. Sophomore\Courses\Second Semester\CMPN102\Git Hub Repository\MarsExploration_DsAlgorithmS21\MarsExploration\MarsStation.h(107,19): error C2027: use of undefined type 'MarsStation'
D:\Study\College\2. Sophomore\Courses\Second Semester\CMPN102\Git Hub Repository\MarsExploration_DsAlgorithmS21\MarsExploration\MarsStation.h(41): message : see declaration of 'MarsStation'
D:\Study\College\2. Sophomore\Courses\Second Semester\CMPN102\Git Hub Repository\MarsExploration_DsAlgorithmS21\MarsExploration\MarsStation.h(112,17): error C2065: 'numof_mount_rovers': undeclared identifier
D:\Study\College\2. Sophomore\Courses\Second Semester\CMPN102\Git Hub Repository\MarsExploration_DsAlgorithmS21\MarsExploration\MarsStation.h(113,17): error C2065: 'numof_polar_rovers': undeclared identifier
D:\Study\College\2. Sophomore\Courses\Second Semester\CMPN102\Git Hub Repository\MarsExploration_DsAlgorithmS21\MarsExploration\MarsStation.h(114,17): error C2065: 'numof_emer_rovers': undeclared identifier
D:\Study\College\2. Sophomore\Courses\Second Semester\CMPN102\Git Hub Repository\MarsExploration_DsAlgorithmS21\MarsExploration\MarsStation.h(116,17): error C2065: 'speed_mount_rovers': undeclared identifier
D:\Study\College\2. Sophomore\Courses\Second Semester\CMPN102\Git Hub Repository\MarsExploration_DsAlgorithmS21\MarsExploration\MarsStation.h(117,17): error C2065: 'speed_polar_rovers': undeclared identifier
D:\Study\College\2. Sophomore\Courses\Second Semester\CMPN102\Git Hub Repository\MarsExploration_DsAlgorithmS21\MarsExploration\MarsStation.h(118,17): error C2065: 'speed_emer_rovers': undeclared identifier
D:\Study\College\2. Sophomore\Courses\Second Semester\CMPN102\Git Hub Repository\MarsExploration_DsAlgorithmS21\MarsExploration\MarsStation.h(120,17): error C2065: 'numof_missions_before_checkup': undeclared identifier
D:\Study\College\2. Sophomore\Courses\Second Semester\CMPN102\Git Hub Repository\MarsExploration_DsAlgorithmS21\MarsExploration\MarsStation.h(121,17): error C2065: 'mount_rovers_checkup_duration': undeclared identifier
D:\Study\College\2. Sophomore\Courses\Second Semester\CMPN102\Git Hub Repository\MarsExploration_DsAlgorithmS21\MarsExploration\MarsStation.h(122,17): error C2065: 'polar_rovers_checkup_duration': undeclared identifier
D:\Study\College\2. Sophomore\Courses\Second Semester\CMPN102\Git Hub Repository\MarsExploration_DsAlgorithmS21\MarsExploration\MarsStation.h(123,17): error C2065: 'emer_rovers_checkup_duration': undeclared identifier
D:\Study\College\2. Sophomore\Courses\Second Semester\CMPN102\Git Hub Repository\MarsExploration_DsAlgorithmS21\MarsExploration\MarsStation.h(126,17): error C2065: 'mount_rovers_autoP': undeclared identifier
D:\Study\College\2. Sophomore\Courses\Second Semester\CMPN102\Git Hub Repository\MarsExploration_DsAlgorithmS21\MarsExploration\MarsStation.h(129,17): error C2065: 'num_events': undeclared identifier
D:\Study\College\2. Sophomore\Courses\Second Semester\CMPN102\Git Hub Repository\MarsExploration_DsAlgorithmS21\MarsExploration\MarsStation.h(132,24): error C2065: 'num_events': undeclared identifier
D:\Study\College\2. Sophomore\Courses\Second Semester\CMPN102\Git Hub Repository\MarsExploration_DsAlgorithmS21\MarsExploration\MarsStation.h(133,18): error C2065: 'event_type': undeclared identifier
D:\Study\College\2. Sophomore\Courses\Second Semester\CMPN102\Git Hub Repository\MarsExploration_DsAlgorithmS21\MarsExploration\MarsStation.h(135,9): error C2065: 'event_type': undeclared identifier
D:\Study\College\2. Sophomore\Courses\Second Semester\CMPN102\Git Hub Repository\MarsExploration_DsAlgorithmS21\MarsExploration\MarsStation.h(137,19): error C2065: 'misson_type': undeclared identifier
D:\Study\College\2. Sophomore\Courses\Second Semester\CMPN102\Git Hub Repository\MarsExploration_DsAlgorithmS21\MarsExploration\MarsStation.h(138,19): error C2065: 'event_day': undeclared identifier
D:\Study\College\2. Sophomore\Courses\Second Semester\CMPN102\Git Hub Repository\MarsExploration_DsAlgorithmS21\MarsExploration\MarsStation.h(139,19): error C2065: 'misson_id': undeclared identifier
D:\Study\College\2. Sophomore\Courses\Second Semester\CMPN102\Git Hub Repository\MarsExploration_DsAlgorithmS21\MarsExploration\MarsStation.h(140,19): error C2065: 'target_loc': undeclared identifier
D:\Study\College\2. Sophomore\Courses\Second Semester\CMPN102\Git Hub Repository\MarsExploration_DsAlgorithmS21\MarsExploration\MarsStation.h(141,19): error C2065: 'days_needed_for_mission': undeclared identifier
D:\Study\College\2. Sophomore\Courses\Second Semester\CMPN102\Git Hub Repository\MarsExploration_DsAlgorithmS21\MarsExploration\MarsStation.h(142,19): error C2065: 'misson_significance': undeclared identifier
D:\Study\College\2. Sophomore\Courses\Second Semester\CMPN102\Git Hub Repository\MarsExploration_DsAlgorithmS21\MarsExploration\MarsStation.h(143,50): error C2065: 'event_day': undeclared identifier
D:\Study\College\2. Sophomore\Courses\Second Semester\CMPN102\Git Hub Repository\MarsExploration_DsAlgorithmS21\MarsExploration\MarsStation.h(143,61): error C2065: 'misson_id': undeclared identifier
D:\Study\College\2. Sophomore\Courses\Second Semester\CMPN102\Git Hub Repository\MarsExploration_DsAlgorithmS21\MarsExploration\MarsStation.h(143,72): error C2065: 'misson_type': undeclared identifier
D:\Study\College\2. Sophomore\Courses\Second Semester\CMPN102\Git Hub Repository\MarsExploration_DsAlgorithmS21\MarsExploration\MarsStation.h(143,85): error C2065: 'target_loc': undeclared identifier
D:\Study\College\2. Sophomore\Courses\Second Semester\CMPN102\Git Hub Repository\MarsExploration_DsAlgorithmS21\MarsExploration\MarsStation.h(143,97): error C2065: 'days_needed_for_mission': undeclared identifier
D:\Study\College\2. Sophomore\Courses\Second Semester\CMPN102\Git Hub Repository\MarsExploration_DsAlgorithmS21\MarsExploration\MarsStation.h(143,122): error C2065: 'misson_significance': undeclared identifier
D:\Study\College\2. Sophomore\Courses\Second Semester\CMPN102\Git Hub Repository\MarsExploration_DsAlgorithmS21\MarsExploration\MarsStation.h(144,6): error C2065: 'Events': undeclared identifier
D:\Study\College\2. Sophomore\Courses\Second Semester\CMPN102\Git Hub Repository\MarsExploration_DsAlgorithmS21\MarsExploration\MarsStation.h(146,14): error C2065: 'event_type': undeclared identifier
D:\Study\College\2. Sophomore\Courses\Second Semester\CMPN102\Git Hub Repository\MarsExploration_DsAlgorithmS21\MarsExploration\MarsStation.h(148,19): error C2065: 'event_day': undeclared identifier
D:\Study\College\2. Sophomore\Courses\Second Semester\CMPN102\Git Hub Repository\MarsExploration_DsAlgorithmS21\MarsExploration\MarsStation.h(149,19): error C2065: 'misson_id': undeclared identifier
D:\Study\College\2. Sophomore\Courses\Second Semester\CMPN102\Git Hub Repository\MarsExploration_DsAlgorithmS21\MarsExploration\MarsStation.h(150,42): error C2065: 'event_day': undeclared identifier
D:\Study\College\2. Sophomore\Courses\Second Semester\CMPN102\Git Hub Repository\MarsExploration_DsAlgorithmS21\MarsExploration\MarsStation.h(150,53): error C2065: 'misson_id': undeclared identifier
D:\Study\College\2. Sophomore\Courses\Second Semester\CMPN102\Git Hub Repository\MarsExploration_DsAlgorithmS21\MarsExploration\MarsStation.h(153,14): error C2065: 'event_type': undeclared identifier
D:\Study\College\2. Sophomore\Courses\Second Semester\CMPN102\Git Hub Repository\MarsExploration_DsAlgorithmS21\MarsExploration\MarsStation.h(155,19): error C2065: 'event_day': undeclared identifier
D:\Study\College\2. Sophomore\Courses\Second Semester\CMPN102\Git Hub Repository\MarsExploration_DsAlgorithmS21\MarsExploration\MarsStation.h(156,19): error C2065: 'misson_id': undeclared identifier
D:\Study\College\2. Sophomore\Courses\Second Semester\CMPN102\Git Hub Repository\MarsExploration_DsAlgorithmS21\MarsExploration\MarsStation.h(157,40): error C2065: 'event_day': undeclared identifier
D:\Study\College\2. Sophomore\Courses\Second Semester\CMPN102\Git Hub Repository\MarsExploration_DsAlgorithmS21\MarsExploration\MarsStation.h(157,51): error C2065: 'misson_id': undeclared identifier
D:\Study\College\2. Sophomore\Courses\Second Semester\CMPN102\Git Hub Repository\MarsExploration_DsAlgorithmS21\MarsExploration\MarsStation.h(163,24): error C2065: 'numof_mount_rovers': undeclared identifier
D:\Study\College\2. Sophomore\Courses\Second Semester\CMPN102\Git Hub Repository\MarsExploration_DsAlgorithmS21\MarsExploration\MarsStation.h(164,41): error C2065: 'mount_rovers_checkup_duration': undeclared identifier
D:\Study\College\2. Sophomore\Courses\Second Semester\CMPN102\Git Hub Repository\MarsExploration_DsAlgorithmS21\MarsExploration\MarsStation.h(164,72): error C2065: 'speed_mount_rovers': undeclared identifier
D:\Study\College\2. Sophomore\Courses\Second Semester\CMPN102\Git Hub Repository\MarsExploration_DsAlgorithmS21\MarsExploration\MarsStation.h(164,92): error C2065: 'numof_missions_before_checkup': undeclared identifier
D:\Study\College\2. Sophomore\Courses\Second Semester\CMPN102\Git Hub Repository\MarsExploration_DsAlgorithmS21\MarsExploration\MarsStation.h(165,5): error C2065: 'MountRovers': undeclared identifier
D:\Study\College\2. Sophomore\Courses\Second Semester\CMPN102\Git Hub Repository\MarsExploration_DsAlgorithmS21\MarsExploration\MarsStation.h(169,24): error C2065: 'numof_polar_rovers': undeclared identifier
D:\Study\College\2. Sophomore\Courses\Second Semester\CMPN102\Git Hub Repository\MarsExploration_DsAlgorithmS21\MarsExploration\MarsStation.h(170,41): error C2065: 'polar_rovers_checkup_duration': undeclared identifier
D:\Study\College\2. Sophomore\Courses\Second Semester\CMPN102\Git Hub Repository\MarsExploration_DsAlgorithmS21\MarsExploration\MarsStation.h(170,72): error C2065: 'speed_polar_rovers': undeclared identifier
D:\Study\College\2. Sophomore\Courses\Second Semester\CMPN102\Git Hub Repository\MarsExploration_DsAlgorithmS21\MarsExploration\MarsStation.h(170,92): error C2065: 'numof_missions_before_checkup': undeclared identifier
D:\Study\College\2. Sophomore\Courses\Second Semester\CMPN102\Git Hub Repository\MarsExploration_DsAlgorithmS21\MarsExploration\MarsStation.h(171,5): error C2065: 'PolarRovers': undeclared identifier
D:\Study\College\2. Sophomore\Courses\Second Semester\CMPN102\Git Hub Repository\MarsExploration_DsAlgorithmS21\MarsExploration\MarsStation.h(175,24): error C2065: 'numof_emer_rovers': undeclared identifier
D:\Study\College\2. Sophomore\Courses\Second Semester\CMPN102\Git Hub Repository\MarsExploration_DsAlgorithmS21\MarsExploration\MarsStation.h(176,41): error C2065: 'emer_rovers_checkup_duration': undeclared identifier
D:\Study\College\2. Sophomore\Courses\Second Semester\CMPN102\Git Hub Repository\MarsExploration_DsAlgorithmS21\MarsExploration\MarsStation.h(176,71): error C2065: 'speed_emer_rovers': undeclared identifier
D:\Study\College\2. Sophomore\Courses\Second Semester\CMPN102\Git Hub Repository\MarsExploration_DsAlgorithmS21\MarsExploration\MarsStation.h(176,90): error C2065: 'numof_missions_before_checkup': undeclared identifier
D:\Study\College\2. Sophomore\Courses\Second Semester\CMPN102\Git Hub Repository\MarsExploration_DsAlgorithmS21\MarsExploration\MarsStation.h(177,5): error C2065: 'EmergencyRovers': undeclared identifier
D:\Study\College\2. Sophomore\Courses\Second Semester\CMPN102\Git Hub Repository\MarsExploration_DsAlgorithmS21\MarsExploration\MarsStation.h(182,20): error C2027: use of undefined type 'MarsStation'
D:\Study\College\2. Sophomore\Courses\Second Semester\CMPN102\Git Hub Repository\MarsExploration_DsAlgorithmS21\MarsExploration\MarsStation.h(41): message : see declaration of 'MarsStation'
  Mission.cpp
  Rover.cpp
  Generating Code...
